<?xml version="1.0" encoding="UTF-8"?>
<!-- Generated by org.testng.reporters.JUnitReportReporter -->
<testsuite hostname="DESKTOP-NPV50CU" name="com.cjc.mt.test.RegisterTest" tests="2" failures="0" timestamp="24 Apr 2021 10:21:44 GMT" time="16.881" errors="0">
  <testcase name="verifylogin" time="3.349" classname="com.cjc.mt.test.RegisterTest"/>
  <testcase name="verifyregister" time="13.532" classname="com.cjc.mt.test.RegisterTest"/>
</testsuite> <!-- com.cjc.mt.test.RegisterTest -->
